Using pre-set license
Built from '2020.2/release' branch; Version is '2020.2.1f1 (270dd8c3da1c) revision 2559448'; Using compiler version '192528614'; Build Type 'Release'
OS: 'Windows 10  (10.0.0) 64bit' Language: 'fr' Physical Memory: 16332 MB
BatchMode: 1, IsHumanControllingUs: 0, StartBugReporterOnCrash: 0, Is64bit: 1, IsPro: 0

 COMMAND LINE ARGUMENTS:
D:\Unity\Editor\Unity.exe
-adb2
-batchMode
-noUpm
-name
AssetImportWorker0
-projectPath
D:/Unity/Workspace/TacticalRPG
-logFile
Logs/AssetImportWorker0.log
-srvPort
58480
Successfully changed project path to: D:/Unity/Workspace/TacticalRPG
D:/Unity/Workspace/TacticalRPG
Using Asset Import Pipeline V2.
Refreshing native plugins compatible for Editor in 25.01 ms, found 0 plugins.
Preloading 0 native plugins for Editor in 0.00 ms.
Initialize engine version: 2020.2.1f1 (270dd8c3da1c)
[Subsystems] Discovering subsystems at path D:/Unity/Editor/Data/Resources/UnitySubsystems
[Subsystems] Discovering subsystems at path D:/Unity/Workspace/TacticalRPG/Assets
GfxDevice: creating device client; threaded=0
Direct3D:
    Version:  Direct3D 11.0 [level 11.1]
    Renderer: NVIDIA GeForce GTX 970 (ID=0x13c2)
    Vendor:   
    VRAM:     4043 MB
    Driver:   27.21.14.6079
Initialize mono
Mono path[0] = 'D:/Unity/Editor/Data/Managed'
Mono path[1] = 'D:/Unity/Editor/Data/MonoBleedingEdge/lib/mono/unityjit'
Mono config path = 'D:/Unity/Editor/Data/MonoBleedingEdge/etc'
Using monoOptions --debugger-agent=transport=dt_socket,embedding=1,server=y,suspend=n,address=127.0.0.1:56556
Begin MonoManager ReloadAssembly
Registering precompiled unity dll's ...
Register platform support module: D:/Unity/Editor/Data/PlaybackEngines/WindowsStandaloneSupport/UnityEditor.WindowsStandalone.Extensions.dll
Registered in 0.000976 seconds.
Native extension for WindowsStandalone target not found
Refreshing native plugins compatible for Editor in 26.01 ms, found 0 plugins.
Preloading 0 native plugins for Editor in 0.00 ms.
Invoked RoslynAnalysisRunner static constructor.
RoslynAnalysisRunner will not be running.
RoslynAnalysisRunner has terminated.
Mono: successfully reloaded assembly
- Completed reload, in  0.939 seconds
Platform modules already initialized, skipping
Registering precompiled user dll's ...
Registered in 0.000571 seconds.
Begin MonoManager ReloadAssembly
Native extension for WindowsStandalone target not found
Refreshing native plugins compatible for Editor in 0.24 ms, found 0 plugins.
Preloading 0 native plugins for Editor in 0.00 ms.
Invoked RoslynAnalysisRunner static constructor.
RoslynAnalysisRunner will not be running.
RoslynAnalysisRunner has terminated.
Mono: successfully reloaded assembly
- Completed reload, in  0.857 seconds
Platform modules already initialized, skipping
========================================================================
Worker process is ready to serve import requests
Launched and connected shader compiler UnityShaderCompiler.exe after 0.04 seconds
Refreshing native plugins compatible for Editor in 0.22 ms, found 0 plugins.
Preloading 0 native plugins for Editor in 0.00 ms.
Unloading 1103 Unused Serialized files (Serialized files now loaded: 0)
System memory in use before: 57.5 MB.
System memory in use after: 57.6 MB.

Unloading 9 unused Assets to reduce memory usage. Loaded Objects now: 1546.
Total: 1.795700 ms (FindLiveObjects: 0.145700 ms CreateObjectMapping: 0.032400 ms MarkObjects: 1.551700 ms  DeleteObjects: 0.064400 ms)

========================================================================
Received Import Request.
  path: Assets/prefabs/UserPlayer.prefab
  artifactKey: Guid(ff8c5e3ac67d5b14f993cc3d7dcb1619) Importer(815301076,1909f56bfc062723c751e8b465ee728b)
Start importing Assets/prefabs/UserPlayer.prefab using Guid(ff8c5e3ac67d5b14f993cc3d7dcb1619) Importer(815301076,1909f56bfc062723c751e8b465ee728b)  -> (artifact id: 'a9fed8902398d5f7c39069f76875f88f') in 0.108934 seconds
  Import took 0.111045 seconds .

========================================================================
Received Import Request.
  Time since last request: 0.000266 seconds.
  path: Assets/prefabs/t.prefab
  artifactKey: Guid(d1f30b92856ac7c4abd0cf5d80f0ebdd) Importer(815301076,1909f56bfc062723c751e8b465ee728b)
Start importing Assets/prefabs/t.prefab using Guid(d1f30b92856ac7c4abd0cf5d80f0ebdd) Importer(815301076,1909f56bfc062723c751e8b465ee728b)  -> (artifact id: '4363d5ae134c8ede9f160111023662c8') in 0.020790 seconds
  Import took 0.022904 seconds .

========================================================================
Received Import Request.
  Time since last request: 0.000240 seconds.
  path: Assets/prefabs/0.png
  artifactKey: Guid(8faf4561b67342941b3f3b4a36547dcf) Importer(815301076,1909f56bfc062723c751e8b465ee728b)
Start importing Assets/prefabs/0.png using Guid(8faf4561b67342941b3f3b4a36547dcf) Importer(815301076,1909f56bfc062723c751e8b465ee728b)  -> (artifact id: 'd9ccdcadcbbbe81db451589c7c25693d') in 0.042907 seconds
  Import took 0.044955 seconds .

========================================================================
Received Import Request.
  Time since last request: 0.000272 seconds.
  path: Assets/prefabs/Tile.prefab
  artifactKey: Guid(b655328d38e50d04ebc9f1f48c0b5d1c) Importer(815301076,1909f56bfc062723c751e8b465ee728b)
Start importing Assets/prefabs/Tile.prefab using Guid(b655328d38e50d04ebc9f1f48c0b5d1c) Importer(815301076,1909f56bfc062723c751e8b465ee728b)  -> (artifact id: 'd44b0e9a29e588df5a9b5c732726a797') in 0.018531 seconds
  Import took 0.020767 seconds .

========================================================================
Received Import Request.
  Time since last request: 0.000236 seconds.
  path: Assets/prefabs
  artifactKey: Guid(d33b9944589d15249bf837f293df44a6) Importer(815301076,1909f56bfc062723c751e8b465ee728b)
Start importing Assets/prefabs using Guid(d33b9944589d15249bf837f293df44a6) Importer(815301076,1909f56bfc062723c751e8b465ee728b)  -> (artifact id: '0183c9e057481d82ea9ff2ba22a681a9') in 0.006191 seconds
  Import took 0.008305 seconds .

========================================================================
Received Prepare
Refreshing native plugins compatible for Editor in 0.72 ms, found 0 plugins.
Preloading 0 native plugins for Editor in 0.00 ms.
Unloading 2 Unused Serialized files (Serialized files now loaded: 0)
System memory in use before: 39.0 MB.
System memory in use after: 39.1 MB.

Unloading 3 unused Assets to reduce memory usage. Loaded Objects now: 1557.
Total: 2.110500 ms (FindLiveObjects: 0.145500 ms CreateObjectMapping: 0.028600 ms MarkObjects: 1.916500 ms  DeleteObjects: 0.019000 ms)

========================================================================
Received Import Request.
  Time since last request: 57.531008 seconds.
  path: Assets/scripts/AIPlayer.cs
  artifactKey: Guid(1de860a77246891468454ce2265090e1) Importer(815301076,1909f56bfc062723c751e8b465ee728b)
Start importing Assets/scripts/AIPlayer.cs using Guid(1de860a77246891468454ce2265090e1) Importer(815301076,1909f56bfc062723c751e8b465ee728b)  -> (artifact id: '5228cdc2acf645c9df835702b1a7973b') in 0.010516 seconds
  Import took 0.012710 seconds .

========================================================================
Received Import Request.
  Time since last request: 0.000517 seconds.
  path: Assets/scripts/AIPlayer.cs
  artifactKey: Guid(1de860a77246891468454ce2265090e1) Importer(815301076,1909f56bfc062723c751e8b465ee728b)
Start importing Assets/scripts/AIPlayer.cs using Guid(1de860a77246891468454ce2265090e1) Importer(815301076,1909f56bfc062723c751e8b465ee728b)  -> (artifact id: '5228cdc2acf645c9df835702b1a7973b') in 0.002225 seconds
  Import took 0.004146 seconds .

========================================================================
Received Prepare
Registering precompiled user dll's ...
Registered in 0.000664 seconds.
Begin MonoManager ReloadAssembly
Native extension for WindowsStandalone target not found
Refreshing native plugins compatible for Editor in 0.23 ms, found 0 plugins.
Preloading 0 native plugins for Editor in 0.00 ms.
Invoked RoslynAnalysisRunner static constructor.
RoslynAnalysisRunner will not be running.
RoslynAnalysisRunner has terminated.
Mono: successfully reloaded assembly
- Completed reload, in  0.810 seconds
Platform modules already initialized, skipping
Refreshing native plugins compatible for Editor in 0.23 ms, found 0 plugins.
Preloading 0 native plugins for Editor in 0.00 ms.
Unloading 1095 Unused Serialized files (Serialized files now loaded: 0)
System memory in use before: 60.7 MB.
System memory in use after: 60.8 MB.

Unloading 4 unused Assets to reduce memory usage. Loaded Objects now: 1559.
Total: 1.707400 ms (FindLiveObjects: 0.184500 ms CreateObjectMapping: 0.029100 ms MarkObjects: 1.477400 ms  DeleteObjects: 0.015200 ms)

========================================================================
Received Prepare
Registering precompiled user dll's ...
Registered in 0.000530 seconds.
Begin MonoManager ReloadAssembly
Native extension for WindowsStandalone target not found
Refreshing native plugins compatible for Editor in 0.23 ms, found 0 plugins.
Preloading 0 native plugins for Editor in 0.00 ms.
Invoked RoslynAnalysisRunner static constructor.
RoslynAnalysisRunner will not be running.
RoslynAnalysisRunner has terminated.
Mono: successfully reloaded assembly
- Completed reload, in  0.772 seconds
Platform modules already initialized, skipping
Refreshing native plugins compatible for Editor in 0.23 ms, found 0 plugins.
Preloading 0 native plugins for Editor in 0.00 ms.
Unloading 1095 Unused Serialized files (Serialized files now loaded: 0)
System memory in use before: 60.9 MB.
System memory in use after: 61.0 MB.

Unloading 4 unused Assets to reduce memory usage. Loaded Objects now: 1561.
Total: 1.764400 ms (FindLiveObjects: 0.171700 ms CreateObjectMapping: 0.033700 ms MarkObjects: 1.543400 ms  DeleteObjects: 0.014100 ms)

========================================================================
Received Import Request.
  Time since last request: 270.513432 seconds.
  path: Assets/scripts/CameraManager.cs
  artifactKey: Guid(4e7651efc355e5942a550dcb4b09781e) Importer(815301076,1909f56bfc062723c751e8b465ee728b)
Start importing Assets/scripts/CameraManager.cs using Guid(4e7651efc355e5942a550dcb4b09781e) Importer(815301076,1909f56bfc062723c751e8b465ee728b)  -> (artifact id: '615b4ec0e049b08fd68c95ce3805c518') in 0.008223 seconds
  Import took 0.010332 seconds .

========================================================================
Received Import Request.
  Time since last request: 1011.070594 seconds.
  path: Assets/scripts/UserPlayer.cs
  artifactKey: Guid(576850768da360b488a821d2b6df8099) Importer(815301076,1909f56bfc062723c751e8b465ee728b)
Start importing Assets/scripts/UserPlayer.cs using Guid(576850768da360b488a821d2b6df8099) Importer(815301076,1909f56bfc062723c751e8b465ee728b)  -> (artifact id: '46979b4db96f48354afb7479c70b83e7') in 0.006482 seconds
  Import took 0.008769 seconds .

